[www.ramkrishnahari.in/assets/images/favicon.png]
[backblue.gif]
[fade.gif]
[index.html]
[stackpath.bootstrapcdn.com/bootstrap/4.1.3/css/bootstrap.min.css]
[www.ramkrishnahari.in/assets/images/ramkrishnahari-logo.jpg]
[www.ramkrishnahari.in/assets/slider/slider4.jpg]
[www.ramkrishnahari.in/assets/slider/slider1.jpg]
[www.ramkrishnahari.in/assets/slider/slider2.jpg]
[www.ramkrishnahari.in/assets/slider/slider3.jpg]
[www.ramkrishnahari.in/assets/images/logistic-service-1.png]
[www.ramkrishnahari.in/assets/images/ecommerce-products.jpg]
[www.ramkrishnahari.in/assets/images/grocery-products.jpg]
[www.ramkrishnahari.in/assets/images/food-products.jpg]
[cdnjs.cloudflare.com/ajax/libs/popper.js/1.12.9/umd/popper.min.js]
[maxcdn.bootstrapcdn.com/bootstrap/4.0.0/js/bootstrap.min.js]
[www.ramkrishnahari.in/assets/data-hover/bootstrap-hover-dropdown.js]
[www.ramkrishnahari.in/index.html]
[stackpath.bootstrapcdn.com/bootstrap/4.1.3/css/bootstrap.min.css]
[www.ramkrishnahari.in/assets/images/arrow-right.jpg]
[www.ramkrishnahari.in/assets/css/scrolling-nav.css]
[www.ramkrishnahari.in/index-2.html]
[www.ramkrishnahari.in/assets/images/dabbawalla-bhagaji-roundhal.jpg]
[www.ramkrishnahari.in/about.html]
[www.ramkrishnahari.in/assets/images/flipkart-packaging.jpg]
[www.ramkrishnahari.in/ecommerce-products.html]
[www.ramkrishnahari.in/grocery-products.html]
[www.ramkrishnahari.in/assets/images/swiggy-1.png]
[www.ramkrishnahari.in/food-beverage-products.html]
[www.ramkrishnahari.in/assets/images/tiffin-supply-services.jpg]
[www.ramkrishnahari.in/tiffin-suppliers.html]
[www.ramkrishnahari.in/assets/images/logistics-img.png]
[www.ramkrishnahari.in/customized-delivery.html]
[www.ramkrishnahari.in/career.html]
[www.ramkrishnahari.in/job-request.html]
[www.ramkrishnahari.in/contact.html]
[www.ramkrishnahari.in/assets/js/scrolling-nav.html]
[www.ramkrishnahari.in/get-started.html]
[www.ramkrishnahari.in/assets/images/vendor-1.html]
[stackpath.bootstrapcdn.com/font-awesome/4.7.0/css/font-awesome.min.css]
[code.jquery.com/jquery-3.2.1.slim.min.js]
